<?xml version="1.0" encoding="UTF-8"?>
<!-- Generated by org.testng.reporters.JUnitReportReporter -->
<testsuite hostname="Anus-MBP.attlocal.net" failures="0" tests="1" name="com.tekarch.restapitest.APIReqres" time="3.911" errors="0" timestamp="04 Apr 2022 05:05:50 GMT" skipped="0">
  <testcase classname="com.tekarch.restapitest.APIReqres" name="validateReqres" time="3.911"/>
</testsuite> <!-- com.tekarch.restapitest.APIReqres -->
