<?xml version="1.0" encoding="UTF-8"?>
<!-- Generated by org.testng.reporters.JUnitReportReporter -->
<testsuite hostname="Anus-MBP.attlocal.net" failures="0" tests="1" name="com.tekarch.restapitest.APIAutomation" time="2.978" errors="0" timestamp="23 Mar 2022 17:27:23 GMT" skipped="0">
  <testcase classname="com.tekarch.restapitest.APIAutomation" name="validateLogin" time="2.978"/>
</testsuite> <!-- com.tekarch.restapitest.APIAutomation -->
