<?xml version="1.0" encoding="UTF-8"?>
<!-- Generated by org.testng.reporters.JUnitReportReporter -->
<testsuite hostname="Anus-MBP.attlocal.net" failures="0" tests="1" name="com.tekarch.restapitest.APICountries" time="3.870" errors="0" timestamp="23 Mar 2022 17:22:36 GMT" skipped="0">
  <testcase classname="com.tekarch.restapitest.APICountries" name="validateCountries" time="3.870"/>
</testsuite> <!-- com.tekarch.restapitest.APICountries -->
