<?xml version="1.0" encoding="UTF-8"?>
<!-- Generated by org.testng.reporters.JUnitReportReporter -->
<testsuite hostname="Anus-MBP.attlocal.net" failures="0" tests="1" name="com.tekarch.restapitest.APIAccounts" time="1.868" errors="0" timestamp="21 Mar 2022 19:35:19 GMT" skipped="0">
  <testcase classname="com.tekarch.restapitest.APIAccounts" name="validateLogin" time="1.868"/>
</testsuite> <!-- com.tekarch.restapitest.APIAccounts -->
