<?xml version="1.0" encoding="UTF-8"?>
<!-- Generated by org.testng.reporters.JUnitReportReporter -->
<testsuite hostname="Anus-MBP.attlocal.net" failures="0" tests="1" name="com.tekarch.restapitest.APIAutomationUsers" time="1.929" errors="0" timestamp="20 Mar 2022 03:49:20 GMT" skipped="0">
  <testcase classname="com.tekarch.restapitest.APIAutomationUsers" name="validateUser" time="1.929"/>
</testsuite> <!-- com.tekarch.restapitest.APIAutomationUsers -->
